<?xml version="1.0" encoding="UTF-8"?>
<!-- Generated by org.testng.reporters.JUnitXMLReporter -->
<testsuite hostname="AR-IT12014B" name="Default test" tests="1" failures="1" timestamp="6 Jun 2019 20:15:12 GMT" time="30.337" errors="0">
  <testcase name="EjercicioAcamicaUno" time="12.789" classname="com.automation.training.tests.EjercicioAcamica">
    <failure type="org.openqa.selenium.WebDriverException" message="element click intercepted: Element &amp;lt;button type=&amp;quot;button&amp;quot; class=&amp;quot;btn-secondary btn-action t-select-btn&amp;quot; data-test-id=&amp;quot;select-button&amp;quot; data-bargain-fare=&amp;quot;false&amp;quot; data-click-handler=&amp;quot;select-flight,omnitureClickHandler&amp;quot; data-prevent-expand=&amp;quot;true&amp;quot; data-omniture-rfrr=&amp;quot;Select.Offer0.BestValue&amp;quot; data-trip-id=&amp;quot;2019-08-05t17:35:00-07:00-coach-las-lax-ua-1861;2019-08-12t20:25:00-07:00-coach-lax-las-as-560;&amp;quot; data-offer-index=&amp;quot;&amp;quot; data-has-fare=&amp;quot;true&amp;quot; data-leg-indexes=&amp;quot;5,2&amp;quot; data-superlatives=&amp;quot;BV,CP&amp;quot; data-outbound-airlinecodes=&amp;quot;UA&amp;quot; data-inbound-airlinecodes=&amp;quot;&amp;quot; data-is-cached=&amp;quot;false&amp;quot; data-result-token=&amp;quot;v5-8c0bd724d36b4b948e0138b5b707c37d&amp;quot; data-air-provider-id=&amp;quot;2&amp;quot; data-flight-fare-type-code=&amp;quot;P&amp;quot; data-flight-fare-type-value=&amp;quot;1&amp;quot; data-currency-code=&amp;quot;USD&amp;quot; data-exact-price=&amp;quot;107.33&amp;quot; data-is-split-ticket=&amp;quot;true&amp;quot; data-discount=&amp;quot;0&amp;quot; data-is-packageable=&amp;quot;true&amp;quot; data-debug-var1=&amp;quot;false&amp;quot; data-debug-var2=&amp;quot;false&amp;quot; data-debug-var3=&amp;quot;false&amp;quot; data-leg0-natural-key=&amp;quot;e0e3d5252186d21cd13e4a4da078dffd&amp;quot; data-is-basic-economy-tray-button=&amp;quot;true&amp;quot;&amp;gt;...&amp;lt;/button&amp;gt; is not clickable at point (1125, 726). Other element would receive the click: &amp;lt;div class=&amp;quot;basic-economy-tray-details standard-padding&amp;quot;&amp;gt;...&amp;lt;/div&amp;gt;
  (Session info: chrome=74.0.3729.169)
  (Driver info: chromedriver=74.0.3729.6 (255758eccf3d244491b8a1317aa76e1ce10d57e9-refs/branch-heads/3729@{#29}),platform=Windows NT 10.0.15063 x86_64) (WARNING: The server did not provide any stacktrace information)
Command duration or timeout: 65 milliseconds
Build info: version: &amp;apos;3.0.1&amp;apos;, revision: &amp;apos;1969d75&amp;apos;, time: &amp;apos;2016-10-18 09:49:13 -0700&amp;apos;
System info: host: &amp;apos;AR-IT12014B&amp;apos;, ip: &amp;apos;172.26.97.159&amp;apos;, os.name: &amp;apos;Windows 10&amp;apos;, os.arch: &amp;apos;amd64&amp;apos;, os.version: &amp;apos;10.0&amp;apos;, java.version: &amp;apos;1.8.0_211&amp;apos;
Driver info: org.openqa.selenium.chrome.ChromeDriver
Capabilities [{mobileEmulationEnabled=false, timeouts={implicit=0, pageLoad=300000, script=30000}, hasTouchScreen=false, platform=XP, acceptSslCerts=false, goog:chromeOptions={debuggerAddress=localhost:62206}, acceptInsecureCerts=false, webStorageEnabled=true, browserName=chrome, takesScreenshot=true, javascriptEnabled=true, setWindowRect=true, unexpectedAlertBehaviour=ignore, applicationCacheEnabled=false, rotatable=false, networkConnectionEnabled=false, chrome={chromedriverVersion=74.0.3729.6 (255758eccf3d244491b8a1317aa76e1ce10d57e9-refs/branch-heads/3729@{#29}), userDataDir=C:\Users\NICOLA~1.MON\AppData\Local\Temp\scoped_dir4260_151}, takesHeapSnapshot=true, pageLoadStrategy=normal, strictFileInteractability=false, databaseEnabled=false, handlesAlerts=true, version=74.0.3729.169, browserConnectionEnabled=false, proxy={}, nativeEvents=true, locationContextEnabled=true, cssSelectorsEnabled=true}]
Session ID: 20759457b303bd467b289ec2f994ec2c">
      <![CDATA[org.openqa.selenium.WebDriverException: element click intercepted: Element <button type="button" class="btn-secondary btn-action t-select-btn" data-test-id="select-button" data-bargain-fare="false" data-click-handler="select-flight,omnitureClickHandler" data-prevent-expand="true" data-omniture-rfrr="Select.Offer0.BestValue" data-trip-id="2019-08-05t17:35:00-07:00-coach-las-lax-ua-1861;2019-08-12t20:25:00-07:00-coach-lax-las-as-560;" data-offer-index="" data-has-fare="true" data-leg-indexes="5,2" data-superlatives="BV,CP" data-outbound-airlinecodes="UA" data-inbound-airlinecodes="" data-is-cached="false" data-result-token="v5-8c0bd724d36b4b948e0138b5b707c37d" data-air-provider-id="2" data-flight-fare-type-code="P" data-flight-fare-type-value="1" data-currency-code="USD" data-exact-price="107.33" data-is-split-ticket="true" data-discount="0" data-is-packageable="true" data-debug-var1="false" data-debug-var2="false" data-debug-var3="false" data-leg0-natural-key="e0e3d5252186d21cd13e4a4da078dffd" data-is-basic-economy-tray-button="true">...</button> is not clickable at point (1125, 726). Other element would receive the click: <div class="basic-economy-tray-details standard-padding">...</div>
  (Session info: chrome=74.0.3729.169)
  (Driver info: chromedriver=74.0.3729.6 (255758eccf3d244491b8a1317aa76e1ce10d57e9-refs/branch-heads/3729@{#29}),platform=Windows NT 10.0.15063 x86_64) (WARNING: The server did not provide any stacktrace information)
Command duration or timeout: 65 milliseconds
Build info: version: '3.0.1', revision: '1969d75', time: '2016-10-18 09:49:13 -0700'
System info: host: 'AR-IT12014B', ip: '172.26.97.159', os.name: 'Windows 10', os.arch: 'amd64', os.version: '10.0', java.version: '1.8.0_211'
Driver info: org.openqa.selenium.chrome.ChromeDriver
Capabilities [{mobileEmulationEnabled=false, timeouts={implicit=0, pageLoad=300000, script=30000}, hasTouchScreen=false, platform=XP, acceptSslCerts=false, goog:chromeOptions={debuggerAddress=localhost:62206}, acceptInsecureCerts=false, webStorageEnabled=true, browserName=chrome, takesScreenshot=true, javascriptEnabled=true, setWindowRect=true, unexpectedAlertBehaviour=ignore, applicationCacheEnabled=false, rotatable=false, networkConnectionEnabled=false, chrome={chromedriverVersion=74.0.3729.6 (255758eccf3d244491b8a1317aa76e1ce10d57e9-refs/branch-heads/3729@{#29}), userDataDir=C:\Users\NICOLA~1.MON\AppData\Local\Temp\scoped_dir4260_151}, takesHeapSnapshot=true, pageLoadStrategy=normal, strictFileInteractability=false, databaseEnabled=false, handlesAlerts=true, version=74.0.3729.169, browserConnectionEnabled=false, proxy={}, nativeEvents=true, locationContextEnabled=true, cssSelectorsEnabled=true}]
Session ID: 20759457b303bd467b289ec2f994ec2c
	at sun.reflect.NativeConstructorAccessorImpl.newInstance0(Native Method)
	at sun.reflect.NativeConstructorAccessorImpl.newInstance(Unknown Source)
	at sun.reflect.DelegatingConstructorAccessorImpl.newInstance(Unknown Source)
	at java.lang.reflect.Constructor.newInstance(Unknown Source)
	at org.openqa.selenium.remote.ErrorHandler.createThrowable(ErrorHandler.java:216)
	at org.openqa.selenium.remote.ErrorHandler.throwIfResponseFailed(ErrorHandler.java:168)
	at org.openqa.selenium.remote.RemoteWebDriver.execute(RemoteWebDriver.java:635)
	at org.openqa.selenium.remote.RemoteWebElement.execute(RemoteWebElement.java:274)
	at org.openqa.selenium.remote.RemoteWebElement.click(RemoteWebElement.java:84)
	at com.automation.training.pages.SelectPage.SeleccionarVueloVuelta(SelectPage.java:70)
	at com.automation.training.tests.EjercicioAcamica.EjercicioAcamicaUno(EjercicioAcamica.java:58)
	at sun.reflect.NativeMethodAccessorImpl.invoke0(Native Method)
	at sun.reflect.NativeMethodAccessorImpl.invoke(Unknown Source)
	at sun.reflect.DelegatingMethodAccessorImpl.invoke(Unknown Source)
	at java.lang.reflect.Method.invoke(Unknown Source)
	at org.testng.internal.MethodInvocationHelper.invokeMethod(MethodInvocationHelper.java:80)
	at org.testng.internal.Invoker.invokeMethod(Invoker.java:714)
	at org.testng.internal.Invoker.invokeTestMethod(Invoker.java:901)
	at org.testng.internal.Invoker.invokeTestMethods(Invoker.java:1231)
	at org.testng.internal.TestMethodWorker.invokeTestMethods(TestMethodWorker.java:127)
	at org.testng.internal.TestMethodWorker.run(TestMethodWorker.java:111)
	at org.testng.TestRunner.privateRun(TestRunner.java:767)
	at org.testng.TestRunner.run(TestRunner.java:617)
	at org.testng.SuiteRunner.runTest(SuiteRunner.java:334)
	at org.testng.SuiteRunner.runSequentially(SuiteRunner.java:329)
	at org.testng.SuiteRunner.privateRun(SuiteRunner.java:291)
	at org.testng.SuiteRunner.run(SuiteRunner.java:240)
	at org.testng.SuiteRunnerWorker.runSuite(SuiteRunnerWorker.java:52)
	at org.testng.SuiteRunnerWorker.run(SuiteRunnerWorker.java:86)
	at org.testng.TestNG.runSuitesSequentially(TestNG.java:1198)
	at org.testng.TestNG.runSuitesLocally(TestNG.java:1123)
	at org.testng.TestNG.run(TestNG.java:1031)
	at org.testng.remote.AbstractRemoteTestNG.run(AbstractRemoteTestNG.java:115)
	at org.testng.remote.RemoteTestNG.initAndRun(RemoteTestNG.java:251)
	at org.testng.remote.RemoteTestNG.main(RemoteTestNG.java:77)
]]>
    </failure>
  </testcase> <!-- EjercicioAcamicaUno -->
</testsuite> <!-- Default test -->
